2025-02-28 00:25:42,132 - asyncio - DEBUG - Using proactor: IocpProactor
2025-02-28 00:25:42,148 - __main__ - INFO - Database initialized
2025-02-28 00:25:42,148 - __main__ - INFO - Starting the bot...
2025-02-28 00:25:42,149 - aiogram.dispatcher - INFO - Start polling
2025-02-28 00:25:42,439 - aiogram.dispatcher - INFO - Run polling for bot @RomashkaBCNbot id=7690334241 - 'Salon Romashka'
2025-02-28 00:25:42,535 - __main__ - INFO - Received /start command from user_id: 310259261
2025-02-28 00:25:42,780 - __main__ - INFO - Successfully sent welcome message to user_id: 310259261
2025-02-28 00:25:42,781 - aiogram.event - INFO - Update id=619472402 is handled. Duration 250 ms by bot id=7690334241
2025-02-28 00:25:57,712 - __main__ - INFO - Asked for service from user_id: 310259261
2025-02-28 00:25:57,715 - aiogram.event - INFO - Update id=619472403 is handled. Duration 155 ms by bot id=7690334241
2025-02-28 00:25:59,286 - __main__ - INFO - Selected service: Педикюр for user_id: 310259261
2025-02-28 00:25:59,288 - aiogram.event - INFO - Update id=619472404 is handled. Duration 187 ms by bot id=7690334241
2025-02-28 00:26:00,694 - __main__ - INFO - Selected sub-option: Аппаратный for user_id: 310259261
2025-02-28 00:26:00,695 - aiogram.event - INFO - Update id=619472405 is handled. Duration 156 ms by bot id=7690334241
2025-02-28 00:26:02,602 - __main__ - INFO - Selected additional option: permanent for user_id: 310259261
2025-02-28 00:26:02,603 - aiogram.event - INFO - Update id=619472406 is handled. Duration 140 ms by bot id=7690334241
2025-02-28 00:26:06,473 - __main__ - INFO - Received name: Команда from user_id: 310259261
2025-02-28 00:26:06,474 - aiogram.event - INFO - Update id=619472407 is handled. Duration 141 ms by bot id=7690334241
2025-02-28 00:26:08,622 - __main__ - INFO - Received phone: Шоппинг from user_id: 310259261
2025-02-28 00:26:08,623 - aiogram.event - INFO - Update id=619472408 is handled. Duration 93 ms by bot id=7690334241
2025-02-28 00:26:16,659 - __main__ - INFO - Received email: mishakovaanastasiya@gmail.com from user_id: 310259261
2025-02-28 00:26:16,660 - aiogram.event - INFO - Update id=619472409 is handled. Duration 78 ms by bot id=7690334241
2025-02-28 00:26:18,550 - __main__ - INFO - Selected month: 2025-02 for user_id: 310259261
2025-02-28 00:26:18,551 - aiogram.event - INFO - Update id=619472410 is handled. Duration 140 ms by bot id=7690334241
2025-02-28 00:26:21,193 - __main__ - INFO - Selected date: 2025-02-28 for user_id: 310259261
2025-02-28 00:26:21,193 - aiogram.event - INFO - Update id=619472411 is handled. Duration 266 ms by bot id=7690334241
2025-02-28 00:26:23,536 - __main__ - INFO - Selected time: 08:00 for user_id: 310259261
2025-02-28 00:26:23,537 - aiogram.event - INFO - Update id=619472412 is handled. Duration 125 ms by bot id=7690334241
2025-02-28 00:26:26,556 - __main__ - INFO - Added booking for Команда on 2025-02-28 at 08:00
2025-02-28 00:26:26,581 - __main__ - ERROR - Error sending email: [Errno 11001] getaddrinfo failed
Traceback (most recent call last):
  File "d:\Stucom\python_basico\python_basico\Chat_bot\bot.py", line 402, in send_email
    server = smtplib.SMTP(SMTP_SERVER, SMTP_PORT)
             ^^^^^^^^^^^^^^^^^^^^^^^^^^^^^^^^^^^^
  File "C:\Users\Anastasiia\AppData\Local\Programs\Python\Python312\Lib\smtplib.py", line 255, in __init__
    (code, msg) = self.connect(host, port)
                  ^^^^^^^^^^^^^^^^^^^^^^^^
  File "C:\Users\Anastasiia\AppData\Local\Programs\Python\Python312\Lib\smtplib.py", line 341, in connect
    self.sock = self._get_socket(host, port, self.timeout)
                ^^^^^^^^^^^^^^^^^^^^^^^^^^^^^^^^^^^^^^^^^^
  File "C:\Users\Anastasiia\AppData\Local\Programs\Python\Python312\Lib\smtplib.py", line 312, in _get_socket
    return socket.create_connection((host, port), timeout,
           ^^^^^^^^^^^^^^^^^^^^^^^^^^^^^^^^^^^^^^^^^^^^^^^
  File "C:\Users\Anastasiia\AppData\Local\Programs\Python\Python312\Lib\socket.py", line 828, in create_connection
    for res in getaddrinfo(host, port, 0, SOCK_STREAM):
               ^^^^^^^^^^^^^^^^^^^^^^^^^^^^^^^^^^^^^^^
  File "C:\Users\Anastasiia\AppData\Local\Programs\Python\Python312\Lib\socket.py", line 963, in getaddrinfo
    for res in _socket.getaddrinfo(host, port, family, type, proto, flags):
               ^^^^^^^^^^^^^^^^^^^^^^^^^^^^^^^^^^^^^^^^^^^^^^^^^^^^^^^^^^^
socket.gaierror: [Errno 11001] getaddrinfo failed
2025-02-28 00:26:26,909 - __main__ - INFO - Booking confirmed for user_id: 310259261
2025-02-28 00:26:26,909 - aiogram.event - INFO - Update id=619472413 is handled. Duration 359 ms by bot id=7690334241
2025-02-28 00:26:37,461 - __main__ - INFO - Asked for service from user_id: 310259261
2025-02-28 00:26:37,462 - aiogram.event - INFO - Update id=619472414 is handled. Duration 94 ms by bot id=7690334241
2025-02-28 00:26:40,051 - __main__ - INFO - Selected service: Покраска волос for user_id: 310259261
2025-02-28 00:26:40,052 - aiogram.event - INFO - Update id=619472415 is handled. Duration 172 ms by bot id=7690334241
2025-02-28 00:26:42,088 - __main__ - INFO - Selected sub-option: До 15 см for user_id: 310259261
2025-02-28 00:26:42,089 - aiogram.event - INFO - Update id=619472416 is handled. Duration 172 ms by bot id=7690334241
2025-02-28 00:26:47,891 - __main__ - INFO - Received name: Furry from user_id: 310259261
2025-02-28 00:26:47,892 - aiogram.event - INFO - Update id=619472417 is handled. Duration 77 ms by bot id=7690334241
2025-02-28 00:26:50,007 - __main__ - INFO - Received phone: Fruity from user_id: 310259261
2025-02-28 00:26:50,008 - aiogram.event - INFO - Update id=619472418 is handled. Duration 77 ms by bot id=7690334241
2025-02-28 00:26:55,453 - __main__ - INFO - Received email: mishakovaanastasiya@gmail.com from user_id: 310259261
2025-02-28 00:26:55,454 - aiogram.event - INFO - Update id=619472419 is handled. Duration 171 ms by bot id=7690334241
2025-02-28 00:26:57,113 - __main__ - INFO - Selected month: 2025-02 for user_id: 310259261
2025-02-28 00:26:57,113 - aiogram.event - INFO - Update id=619472420 is handled. Duration 281 ms by bot id=7690334241
2025-02-28 00:26:58,657 - __main__ - INFO - Selected date: 2025-02-28 for user_id: 310259261
2025-02-28 00:26:58,658 - aiogram.event - INFO - Update id=619472421 is handled. Duration 297 ms by bot id=7690334241
2025-02-28 00:27:00,361 - __main__ - INFO - Selected time: 10:00 for user_id: 310259261
2025-02-28 00:27:00,362 - aiogram.event - INFO - Update id=619472422 is handled. Duration 156 ms by bot id=7690334241
2025-02-28 00:27:01,580 - __main__ - INFO - Added booking for Furry on 2025-02-28 at 10:00
2025-02-28 00:27:01,620 - __main__ - ERROR - Error sending email: [Errno 11001] getaddrinfo failed
Traceback (most recent call last):
  File "d:\Stucom\python_basico\python_basico\Chat_bot\bot.py", line 402, in send_email
    server = smtplib.SMTP(SMTP_SERVER, SMTP_PORT)
             ^^^^^^^^^^^^^^^^^^^^^^^^^^^^^^^^^^^^
  File "C:\Users\Anastasiia\AppData\Local\Programs\Python\Python312\Lib\smtplib.py", line 255, in __init__
    (code, msg) = self.connect(host, port)
                  ^^^^^^^^^^^^^^^^^^^^^^^^
  File "C:\Users\Anastasiia\AppData\Local\Programs\Python\Python312\Lib\smtplib.py", line 341, in connect
    self.sock = self._get_socket(host, port, self.timeout)
                ^^^^^^^^^^^^^^^^^^^^^^^^^^^^^^^^^^^^^^^^^^
  File "C:\Users\Anastasiia\AppData\Local\Programs\Python\Python312\Lib\smtplib.py", line 312, in _get_socket
    return socket.create_connection((host, port), timeout,
           ^^^^^^^^^^^^^^^^^^^^^^^^^^^^^^^^^^^^^^^^^^^^^^^
  File "C:\Users\Anastasiia\AppData\Local\Programs\Python\Python312\Lib\socket.py", line 828, in create_connection
    for res in getaddrinfo(host, port, 0, SOCK_STREAM):
               ^^^^^^^^^^^^^^^^^^^^^^^^^^^^^^^^^^^^^^^
  File "C:\Users\Anastasiia\AppData\Local\Programs\Python\Python312\Lib\socket.py", line 963, in getaddrinfo
    for res in _socket.getaddrinfo(host, port, family, type, proto, flags):
               ^^^^^^^^^^^^^^^^^^^^^^^^^^^^^^^^^^^^^^^^^^^^^^^^^^^^^^^^^^^
socket.gaierror: [Errno 11001] getaddrinfo failed
2025-02-28 00:27:01,956 - __main__ - INFO - Booking confirmed for user_id: 310259261
2025-02-28 00:27:01,957 - aiogram.event - INFO - Update id=619472423 is handled. Duration 389 ms by bot id=7690334241
2025-02-28 00:28:35,892 - __main__ - INFO - Asked for service from user_id: 432247790
2025-02-28 00:28:35,893 - aiogram.event - INFO - Update id=619472424 is handled. Duration 141 ms by bot id=7690334241
2025-02-28 00:28:38,779 - __main__ - INFO - Asked for service from user_id: 310259261
2025-02-28 00:28:38,781 - aiogram.event - INFO - Update id=619472425 is handled. Duration 93 ms by bot id=7690334241
2025-02-28 00:28:40,110 - aiogram.event - INFO - Update id=619472426 is handled. Duration 202 ms by bot id=7690334241
2025-02-28 00:28:42,156 - aiogram.event - INFO - Update id=619472427 is handled. Duration 312 ms by bot id=7690334241
2025-02-28 00:28:46,586 - __main__ - INFO - Received name: Регина from user_id: 310259261
2025-02-28 00:28:46,587 - aiogram.event - INFO - Update id=619472428 is handled. Duration 94 ms by bot id=7690334241
2025-02-28 00:28:50,705 - __main__ - INFO - Received name: Клава from user_id: 432247790
2025-02-28 00:28:50,705 - aiogram.event - INFO - Update id=619472429 is handled. Duration 93 ms by bot id=7690334241
2025-02-28 00:29:06,517 - __main__ - INFO - Received phone: 1234567261 from user_id: 432247790
2025-02-28 00:29:06,518 - aiogram.event - INFO - Update id=619472430 is handled. Duration 77 ms by bot id=7690334241
2025-02-28 00:29:26,339 - __main__ - INFO - Received email: gfasd@gmail.com from user_id: 432247790
2025-02-28 00:29:26,340 - aiogram.event - INFO - Update id=619472431 is handled. Duration 94 ms by bot id=7690334241
2025-02-28 00:29:29,325 - __main__ - INFO - Selected month: 2025-02 for user_id: 432247790
2025-02-28 00:29:29,326 - aiogram.event - INFO - Update id=619472432 is handled. Duration 264 ms by bot id=7690334241
2025-02-28 00:29:32,597 - __main__ - INFO - Selected date: 2025-02-28 for user_id: 432247790
2025-02-28 00:29:32,597 - aiogram.event - INFO - Update id=619472433 is handled. Duration 172 ms by bot id=7690334241
2025-02-28 00:29:34,378 - __main__ - INFO - Selected time: 16:00 for user_id: 432247790
2025-02-28 00:29:34,380 - aiogram.event - INFO - Update id=619472434 is handled. Duration 311 ms by bot id=7690334241
2025-02-28 00:29:38,039 - __main__ - INFO - Added booking for Клава on 2025-02-28 at 16:00
2025-02-28 00:29:38,053 - __main__ - ERROR - Error sending email: [Errno 11001] getaddrinfo failed
Traceback (most recent call last):
  File "d:\Stucom\python_basico\python_basico\Chat_bot\bot.py", line 402, in send_email
    server = smtplib.SMTP(SMTP_SERVER, SMTP_PORT)
             ^^^^^^^^^^^^^^^^^^^^^^^^^^^^^^^^^^^^
  File "C:\Users\Anastasiia\AppData\Local\Programs\Python\Python312\Lib\smtplib.py", line 255, in __init__
    (code, msg) = self.connect(host, port)
                  ^^^^^^^^^^^^^^^^^^^^^^^^
  File "C:\Users\Anastasiia\AppData\Local\Programs\Python\Python312\Lib\smtplib.py", line 341, in connect
    self.sock = self._get_socket(host, port, self.timeout)
                ^^^^^^^^^^^^^^^^^^^^^^^^^^^^^^^^^^^^^^^^^^
  File "C:\Users\Anastasiia\AppData\Local\Programs\Python\Python312\Lib\smtplib.py", line 312, in _get_socket
    return socket.create_connection((host, port), timeout,
           ^^^^^^^^^^^^^^^^^^^^^^^^^^^^^^^^^^^^^^^^^^^^^^^
  File "C:\Users\Anastasiia\AppData\Local\Programs\Python\Python312\Lib\socket.py", line 828, in create_connection
    for res in getaddrinfo(host, port, 0, SOCK_STREAM):
               ^^^^^^^^^^^^^^^^^^^^^^^^^^^^^^^^^^^^^^^
  File "C:\Users\Anastasiia\AppData\Local\Programs\Python\Python312\Lib\socket.py", line 963, in getaddrinfo
    for res in _socket.getaddrinfo(host, port, family, type, proto, flags):
               ^^^^^^^^^^^^^^^^^^^^^^^^^^^^^^^^^^^^^^^^^^^^^^^^^^^^^^^^^^^
socket.gaierror: [Errno 11001] getaddrinfo failed
2025-02-28 00:29:38,355 - __main__ - INFO - Booking confirmed for user_id: 432247790
2025-02-28 00:29:38,356 - aiogram.event - INFO - Update id=619472435 is handled. Duration 327 ms by bot id=7690334241
2025-02-28 00:30:43,250 - __main__ - INFO - Received phone: Прог from user_id: 310259261
2025-02-28 00:30:43,252 - aiogram.event - INFO - Update id=619472436 is handled. Duration 186 ms by bot id=7690334241
2025-02-28 00:30:46,386 - __main__ - INFO - Received email: Норпн from user_id: 310259261
2025-02-28 00:30:46,387 - aiogram.event - INFO - Update id=619472437 is handled. Duration 125 ms by bot id=7690334241
2025-02-28 00:30:51,782 - __main__ - INFO - Selected month: 2025-02 for user_id: 310259261
2025-02-28 00:30:51,783 - aiogram.event - INFO - Update id=619472438 is handled. Duration 140 ms by bot id=7690334241
2025-02-28 00:30:52,809 - __main__ - INFO - Selected date: 2025-02-28 for user_id: 310259261
2025-02-28 00:30:52,810 - aiogram.event - INFO - Update id=619472439 is handled. Duration 156 ms by bot id=7690334241
2025-02-28 00:31:06,879 - __main__ - INFO - Selected time: 14:00 for user_id: 310259261
2025-02-28 00:31:06,879 - aiogram.event - INFO - Update id=619472440 is handled. Duration 202 ms by bot id=7690334241
2025-02-28 00:31:11,274 - __main__ - INFO - Added booking for Регина on 2025-02-28 at 14:00
2025-02-28 00:31:11,311 - __main__ - ERROR - Error sending email: [Errno 11001] getaddrinfo failed
Traceback (most recent call last):
  File "d:\Stucom\python_basico\python_basico\Chat_bot\bot.py", line 402, in send_email
    server = smtplib.SMTP(SMTP_SERVER, SMTP_PORT)
             ^^^^^^^^^^^^^^^^^^^^^^^^^^^^^^^^^^^^
  File "C:\Users\Anastasiia\AppData\Local\Programs\Python\Python312\Lib\smtplib.py", line 255, in __init__
    (code, msg) = self.connect(host, port)
                  ^^^^^^^^^^^^^^^^^^^^^^^^
  File "C:\Users\Anastasiia\AppData\Local\Programs\Python\Python312\Lib\smtplib.py", line 341, in connect
    self.sock = self._get_socket(host, port, self.timeout)
                ^^^^^^^^^^^^^^^^^^^^^^^^^^^^^^^^^^^^^^^^^^
  File "C:\Users\Anastasiia\AppData\Local\Programs\Python\Python312\Lib\smtplib.py", line 312, in _get_socket
    return socket.create_connection((host, port), timeout,
           ^^^^^^^^^^^^^^^^^^^^^^^^^^^^^^^^^^^^^^^^^^^^^^^
  File "C:\Users\Anastasiia\AppData\Local\Programs\Python\Python312\Lib\socket.py", line 828, in create_connection
    for res in getaddrinfo(host, port, 0, SOCK_STREAM):
               ^^^^^^^^^^^^^^^^^^^^^^^^^^^^^^^^^^^^^^^
  File "C:\Users\Anastasiia\AppData\Local\Programs\Python\Python312\Lib\socket.py", line 963, in getaddrinfo
    for res in _socket.getaddrinfo(host, port, family, type, proto, flags):
               ^^^^^^^^^^^^^^^^^^^^^^^^^^^^^^^^^^^^^^^^^^^^^^^^^^^^^^^^^^^
socket.gaierror: [Errno 11001] getaddrinfo failed
2025-02-28 00:31:11,565 - __main__ - INFO - Booking confirmed for user_id: 310259261
2025-02-28 00:31:11,566 - aiogram.event - INFO - Update id=619472441 is handled. Duration 313 ms by bot id=7690334241
2025-02-28 00:53:59,964 - __main__ - INFO - Asked for service from user_id: 310259261
2025-02-28 00:53:59,970 - aiogram.event - INFO - Update id=619472442 is handled. Duration 312 ms by bot id=7690334241
2025-02-28 00:54:19,397 - __main__ - INFO - Selected service: Педикюр for user_id: 310259261
2025-02-28 00:54:19,398 - aiogram.event - INFO - Update id=619472443 is handled. Duration 141 ms by bot id=7690334241
2025-02-28 00:54:20,599 - __main__ - INFO - Selected sub-option: Аппаратный for user_id: 310259261
2025-02-28 00:54:20,600 - aiogram.event - INFO - Update id=619472444 is handled. Duration 155 ms by bot id=7690334241
2025-02-28 00:54:21,990 - __main__ - INFO - Selected additional option: permanent for user_id: 310259261
2025-02-28 00:54:21,991 - aiogram.event - INFO - Update id=619472445 is handled. Duration 156 ms by bot id=7690334241
2025-02-28 00:54:24,822 - __main__ - INFO - Received name: Пго from user_id: 310259261
2025-02-28 00:54:24,823 - aiogram.event - INFO - Update id=619472446 is handled. Duration 77 ms by bot id=7690334241
2025-02-28 00:54:26,113 - __main__ - INFO - Received phone: Рош from user_id: 310259261
2025-02-28 00:54:26,114 - aiogram.event - INFO - Update id=619472447 is handled. Duration 171 ms by bot id=7690334241
2025-02-28 00:54:31,665 - __main__ - INFO - Received email: mishakovaanastasiya@gmail.com from user_id: 310259261
2025-02-28 00:54:31,666 - aiogram.event - INFO - Update id=619472448 is handled. Duration 77 ms by bot id=7690334241
2025-02-28 00:54:33,656 - __main__ - INFO - Selected month: 2025-02 for user_id: 310259261
2025-02-28 00:54:33,657 - aiogram.event - INFO - Update id=619472449 is handled. Duration 203 ms by bot id=7690334241
2025-02-28 00:54:35,068 - __main__ - INFO - Selected date: 2025-02-28 for user_id: 310259261
2025-02-28 00:54:35,069 - aiogram.event - INFO - Update id=619472450 is handled. Duration 125 ms by bot id=7690334241
2025-02-28 00:54:36,690 - __main__ - INFO - Selected time: 18:00 for user_id: 310259261
2025-02-28 00:54:36,690 - aiogram.event - INFO - Update id=619472451 is handled. Duration 250 ms by bot id=7690334241
2025-02-28 00:54:38,838 - __main__ - INFO - Added booking for Пго on 2025-02-28 at 18:00
2025-02-28 00:54:38,848 - __main__ - ERROR - Error sending email: [Errno 11001] getaddrinfo failed
Traceback (most recent call last):
  File "d:\Stucom\python_basico\python_basico\Chat_bot\bot.py", line 402, in send_email
    server = smtplib.SMTP(SMTP_SERVER, SMTP_PORT)
             ^^^^^^^^^^^^^^^^^^^^^^^^^^^^^^^^^^^^
  File "C:\Users\Anastasiia\AppData\Local\Programs\Python\Python312\Lib\smtplib.py", line 255, in __init__
    (code, msg) = self.connect(host, port)
                  ^^^^^^^^^^^^^^^^^^^^^^^^
  File "C:\Users\Anastasiia\AppData\Local\Programs\Python\Python312\Lib\smtplib.py", line 341, in connect
    self.sock = self._get_socket(host, port, self.timeout)
                ^^^^^^^^^^^^^^^^^^^^^^^^^^^^^^^^^^^^^^^^^^
  File "C:\Users\Anastasiia\AppData\Local\Programs\Python\Python312\Lib\smtplib.py", line 312, in _get_socket
    return socket.create_connection((host, port), timeout,
           ^^^^^^^^^^^^^^^^^^^^^^^^^^^^^^^^^^^^^^^^^^^^^^^
  File "C:\Users\Anastasiia\AppData\Local\Programs\Python\Python312\Lib\socket.py", line 828, in create_connection
    for res in getaddrinfo(host, port, 0, SOCK_STREAM):
               ^^^^^^^^^^^^^^^^^^^^^^^^^^^^^^^^^^^^^^^
  File "C:\Users\Anastasiia\AppData\Local\Programs\Python\Python312\Lib\socket.py", line 963, in getaddrinfo
    for res in _socket.getaddrinfo(host, port, family, type, proto, flags):
               ^^^^^^^^^^^^^^^^^^^^^^^^^^^^^^^^^^^^^^^^^^^^^^^^^^^^^^^^^^^
socket.gaierror: [Errno 11001] getaddrinfo failed
2025-02-28 00:54:39,158 - __main__ - INFO - Booking confirmed for user_id: 310259261
2025-02-28 00:54:39,159 - aiogram.event - INFO - Update id=619472452 is handled. Duration 328 ms by bot id=7690334241
2025-02-28 00:55:53,047 - aiogram.dispatcher - INFO - Polling stopped
2025-02-28 00:55:53,333 - aiogram.dispatcher - INFO - Polling stopped for bot @RomashkaBCNbot id=7690334241 - 'Salon Romashka'
2025-02-28 00:56:02,836 - asyncio - DEBUG - Using proactor: IocpProactor
2025-02-28 00:56:02,845 - __main__ - INFO - Database initialized
2025-02-28 00:56:02,845 - __main__ - INFO - Starting the bot...
2025-02-28 00:56:02,845 - aiogram.dispatcher - INFO - Start polling
2025-02-28 00:56:03,120 - aiogram.dispatcher - INFO - Run polling for bot @RomashkaBCNbot id=7690334241 - 'Salon Romashka'
2025-02-28 00:56:33,495 - __main__ - INFO - Asked for service from user_id: 310259261
2025-02-28 00:56:33,497 - aiogram.event - INFO - Update id=619472453 is handled. Duration 422 ms by bot id=7690334241
2025-02-28 00:56:35,073 - __main__ - INFO - Selected service: Педикюр for user_id: 310259261
2025-02-28 00:56:35,074 - aiogram.event - INFO - Update id=619472454 is handled. Duration 421 ms by bot id=7690334241
2025-02-28 00:56:36,520 - __main__ - INFO - Selected sub-option: Аппаратный for user_id: 310259261
2025-02-28 00:56:36,521 - aiogram.event - INFO - Update id=619472455 is handled. Duration 577 ms by bot id=7690334241
2025-02-28 00:56:39,044 - __main__ - INFO - Selected additional option: permanent for user_id: 310259261
2025-02-28 00:56:39,045 - aiogram.event - INFO - Update id=619472456 is handled. Duration 344 ms by bot id=7690334241
2025-02-28 00:56:41,820 - __main__ - INFO - Received name: Tuu from user_id: 310259261
2025-02-28 00:56:41,821 - aiogram.event - INFO - Update id=619472457 is handled. Duration 218 ms by bot id=7690334241
2025-02-28 00:56:43,506 - __main__ - INFO - Received phone: Tu from user_id: 310259261
2025-02-28 00:56:43,506 - aiogram.event - INFO - Update id=619472458 is handled. Duration 140 ms by bot id=7690334241
2025-02-28 00:56:47,057 - __main__ - INFO - Received email: mishakovaanastasiya@gmail.com from user_id: 310259261
2025-02-28 00:56:47,058 - aiogram.event - INFO - Update id=619472459 is handled. Duration 78 ms by bot id=7690334241
2025-02-28 00:56:48,858 - __main__ - INFO - Selected month: 2025-02 for user_id: 310259261
2025-02-28 00:56:48,858 - aiogram.event - INFO - Update id=619472460 is handled. Duration 250 ms by bot id=7690334241
2025-02-28 00:56:49,812 - __main__ - INFO - Selected date: 2025-02-28 for user_id: 310259261
2025-02-28 00:56:49,813 - aiogram.event - INFO - Update id=619472461 is handled. Duration 203 ms by bot id=7690334241
2025-02-28 00:56:51,594 - __main__ - INFO - Selected time: 12:00 for user_id: 310259261
2025-02-28 00:56:51,595 - aiogram.event - INFO - Update id=619472462 is handled. Duration 155 ms by bot id=7690334241
2025-02-28 00:56:53,267 - __main__ - INFO - Added booking for Tuu on 2025-02-28 at 12:00
2025-02-28 00:56:53,276 - __main__ - ERROR - Error sending email: [Errno 11001] getaddrinfo failed
Traceback (most recent call last):
  File "d:\Stucom\python_basico\python_basico\Chat_bot\bot.py", line 402, in send_email
    server = smtplib.SMTP(SMTP_SERVER, SMTP_PORT)
             ^^^^^^^^^^^^^^^^^^^^^^^^^^^^^^^^^^^^
  File "C:\Users\Anastasiia\AppData\Local\Programs\Python\Python312\Lib\smtplib.py", line 255, in __init__
    (code, msg) = self.connect(host, port)
                  ^^^^^^^^^^^^^^^^^^^^^^^^
  File "C:\Users\Anastasiia\AppData\Local\Programs\Python\Python312\Lib\smtplib.py", line 341, in connect
    self.sock = self._get_socket(host, port, self.timeout)
                ^^^^^^^^^^^^^^^^^^^^^^^^^^^^^^^^^^^^^^^^^^
  File "C:\Users\Anastasiia\AppData\Local\Programs\Python\Python312\Lib\smtplib.py", line 312, in _get_socket
    return socket.create_connection((host, port), timeout,
           ^^^^^^^^^^^^^^^^^^^^^^^^^^^^^^^^^^^^^^^^^^^^^^^
  File "C:\Users\Anastasiia\AppData\Local\Programs\Python\Python312\Lib\socket.py", line 828, in create_connection
    for res in getaddrinfo(host, port, 0, SOCK_STREAM):
               ^^^^^^^^^^^^^^^^^^^^^^^^^^^^^^^^^^^^^^^
  File "C:\Users\Anastasiia\AppData\Local\Programs\Python\Python312\Lib\socket.py", line 963, in getaddrinfo
    for res in _socket.getaddrinfo(host, port, family, type, proto, flags):
               ^^^^^^^^^^^^^^^^^^^^^^^^^^^^^^^^^^^^^^^^^^^^^^^^^^^^^^^^^^^
socket.gaierror: [Errno 11001] getaddrinfo failed
2025-02-28 00:56:53,666 - __main__ - INFO - Booking confirmed for user_id: 310259261
2025-02-28 00:56:53,667 - aiogram.event - INFO - Update id=619472463 is handled. Duration 405 ms by bot id=7690334241
2025-02-28 00:58:06,448 - aiogram.dispatcher - INFO - Polling stopped
2025-02-28 00:58:06,715 - aiogram.dispatcher - INFO - Polling stopped for bot @RomashkaBCNbot id=7690334241 - 'Salon Romashka'
2025-02-28 01:00:57,670 - asyncio - DEBUG - Using proactor: IocpProactor
2025-02-28 01:00:57,681 - __main__ - INFO - Database initialized
2025-02-28 01:00:57,681 - __main__ - INFO - Starting the bot...
2025-02-28 01:00:57,681 - aiogram.dispatcher - INFO - Start polling
2025-02-28 01:00:58,150 - aiogram.dispatcher - INFO - Run polling for bot @RomashkaBCNbot id=7690334241 - 'Salon Romashka'
2025-02-28 01:01:46,969 - __main__ - INFO - Asked for service from user_id: 310259261
2025-02-28 01:01:46,971 - aiogram.event - INFO - Update id=619472464 is handled. Duration 234 ms by bot id=7690334241
2025-02-28 01:01:49,693 - __main__ - INFO - Received /start command from user_id: 310259261
2025-02-28 01:01:49,770 - __main__ - INFO - Successfully sent welcome message to user_id: 310259261
2025-02-28 01:01:49,771 - aiogram.event - INFO - Update id=619472465 is handled. Duration 77 ms by bot id=7690334241
2025-02-28 01:01:53,249 - __main__ - INFO - Asked for service from user_id: 310259261
2025-02-28 01:01:53,250 - aiogram.event - INFO - Update id=619472466 is handled. Duration 108 ms by bot id=7690334241
2025-02-28 01:01:55,173 - __main__ - INFO - Selected service: Педикюр for user_id: 310259261
2025-02-28 01:01:55,174 - aiogram.event - INFO - Update id=619472467 is handled. Duration 187 ms by bot id=7690334241
2025-02-28 01:01:56,383 - __main__ - INFO - Selected sub-option: Аппаратный for user_id: 310259261
2025-02-28 01:01:56,383 - aiogram.event - INFO - Update id=619472468 is handled. Duration 202 ms by bot id=7690334241
2025-02-28 01:01:57,463 - __main__ - INFO - Selected additional option: permanent for user_id: 310259261
2025-02-28 01:01:57,463 - aiogram.event - INFO - Update id=619472469 is handled. Duration 202 ms by bot id=7690334241
2025-02-28 01:02:00,888 - __main__ - INFO - Received name: Trust from user_id: 310259261
2025-02-28 01:02:00,889 - aiogram.event - INFO - Update id=619472470 is handled. Duration 156 ms by bot id=7690334241
2025-02-28 01:02:02,819 - __main__ - INFO - Received phone: Hurry from user_id: 310259261
2025-02-28 01:02:02,819 - aiogram.event - INFO - Update id=619472471 is handled. Duration 156 ms by bot id=7690334241
2025-02-28 01:02:08,397 - __main__ - INFO - Received email: mishakovaanastasiya@gmail.com from user_id: 310259261
2025-02-28 01:02:08,398 - aiogram.event - INFO - Update id=619472472 is handled. Duration 109 ms by bot id=7690334241
2025-02-28 01:02:09,807 - __main__ - INFO - Selected month: 2025-02 for user_id: 310259261
2025-02-28 01:02:09,808 - aiogram.event - INFO - Update id=619472473 is handled. Duration 203 ms by bot id=7690334241
2025-02-28 01:02:17,328 - aiogram.event - INFO - Update id=619472474 is handled. Duration 250 ms by bot id=7690334241
2025-02-28 01:02:18,878 - __main__ - INFO - Selected month: 2025-02 for user_id: 310259261
2025-02-28 01:02:18,879 - aiogram.event - INFO - Update id=619472475 is handled. Duration 343 ms by bot id=7690334241
2025-02-28 01:02:20,311 - __main__ - INFO - Selected month: 2025-03 for user_id: 310259261
2025-02-28 01:02:20,311 - aiogram.event - INFO - Update id=619472476 is handled. Duration 203 ms by bot id=7690334241
2025-02-28 01:02:21,905 - __main__ - INFO - Selected date: 2025-03-01 for user_id: 310259261
2025-02-28 01:02:21,905 - aiogram.event - INFO - Update id=619472477 is handled. Duration 265 ms by bot id=7690334241
2025-02-28 01:02:23,158 - __main__ - INFO - Selected time: 16:00 for user_id: 310259261
2025-02-28 01:02:23,159 - aiogram.event - INFO - Update id=619472478 is handled. Duration 187 ms by bot id=7690334241
2025-02-28 01:02:24,606 - __main__ - INFO - Added booking for Trust on 2025-03-01 at 16:00
2025-02-28 01:02:24,643 - __main__ - ERROR - Error sending email: [Errno 11001] getaddrinfo failed
Traceback (most recent call last):
  File "d:\Stucom\python_basico\python_basico\Chat_bot\bot.py", line 402, in send_email
    server = smtplib.SMTP(SMTP_SERVER, SMTP_PORT)
             ^^^^^^^^^^^^^^^^^^^^^^^^^^^^^^^^^^^^
  File "C:\Users\Anastasiia\AppData\Local\Programs\Python\Python312\Lib\smtplib.py", line 255, in __init__
    (code, msg) = self.connect(host, port)
                  ^^^^^^^^^^^^^^^^^^^^^^^^
  File "C:\Users\Anastasiia\AppData\Local\Programs\Python\Python312\Lib\smtplib.py", line 341, in connect
    self.sock = self._get_socket(host, port, self.timeout)
                ^^^^^^^^^^^^^^^^^^^^^^^^^^^^^^^^^^^^^^^^^^
  File "C:\Users\Anastasiia\AppData\Local\Programs\Python\Python312\Lib\smtplib.py", line 312, in _get_socket
    return socket.create_connection((host, port), timeout,
           ^^^^^^^^^^^^^^^^^^^^^^^^^^^^^^^^^^^^^^^^^^^^^^^
  File "C:\Users\Anastasiia\AppData\Local\Programs\Python\Python312\Lib\socket.py", line 828, in create_connection
    for res in getaddrinfo(host, port, 0, SOCK_STREAM):
               ^^^^^^^^^^^^^^^^^^^^^^^^^^^^^^^^^^^^^^^
  File "C:\Users\Anastasiia\AppData\Local\Programs\Python\Python312\Lib\socket.py", line 963, in getaddrinfo
    for res in _socket.getaddrinfo(host, port, family, type, proto, flags):
               ^^^^^^^^^^^^^^^^^^^^^^^^^^^^^^^^^^^^^^^^^^^^^^^^^^^^^^^^^^^
socket.gaierror: [Errno 11001] getaddrinfo failed
2025-02-28 01:02:25,045 - __main__ - INFO - Booking confirmed for user_id: 310259261
2025-02-28 01:02:25,045 - aiogram.event - INFO - Update id=619472479 is handled. Duration 452 ms by bot id=7690334241
2025-02-28 01:06:09,096 - aiogram.dispatcher - INFO - Polling stopped
2025-02-28 01:06:09,354 - aiogram.dispatcher - INFO - Polling stopped for bot @RomashkaBCNbot id=7690334241 - 'Salon Romashka'
2025-02-28 01:06:32,021 - asyncio - DEBUG - Using proactor: IocpProactor
2025-02-28 01:06:32,026 - __main__ - INFO - Database initialized
2025-02-28 01:06:32,026 - __main__ - INFO - Starting the bot...
2025-02-28 01:06:32,027 - aiogram.dispatcher - INFO - Start polling
2025-02-28 01:06:32,339 - aiogram.dispatcher - INFO - Run polling for bot @RomashkaBCNbot id=7690334241 - 'Salon Romashka'
2025-02-28 01:06:42,502 - __main__ - INFO - Received /start command from user_id: 310259261
2025-02-28 01:06:42,819 - __main__ - INFO - Successfully sent welcome message to user_id: 310259261
2025-02-28 01:06:42,819 - aiogram.event - INFO - Update id=619472480 is handled. Duration 313 ms by bot id=7690334241
2025-02-28 01:06:45,212 - __main__ - INFO - Asked for service from user_id: 310259261
2025-02-28 01:06:45,212 - aiogram.event - INFO - Update id=619472481 is handled. Duration 219 ms by bot id=7690334241
2025-02-28 01:06:46,513 - __main__ - INFO - Selected service: Маникюр for user_id: 310259261
2025-02-28 01:06:46,513 - aiogram.event - INFO - Update id=619472482 is handled. Duration 172 ms by bot id=7690334241
2025-02-28 01:06:47,575 - __main__ - INFO - Selected sub-option: Аппаратный for user_id: 310259261
2025-02-28 01:06:47,575 - aiogram.event - INFO - Update id=619472483 is handled. Duration 296 ms by bot id=7690334241
2025-02-28 01:06:48,449 - __main__ - INFO - Selected additional option: permanent for user_id: 310259261
2025-02-28 01:06:48,450 - aiogram.event - INFO - Update id=619472484 is handled. Duration 218 ms by bot id=7690334241
2025-02-28 01:06:52,489 - __main__ - INFO - Received name: Verify from user_id: 310259261
2025-02-28 01:06:52,489 - aiogram.event - INFO - Update id=619472485 is handled. Duration 93 ms by bot id=7690334241
2025-02-28 01:06:54,040 - __main__ - INFO - Received phone: Hair from user_id: 310259261
2025-02-28 01:06:54,041 - aiogram.event - INFO - Update id=619472486 is handled. Duration 94 ms by bot id=7690334241
2025-02-28 01:06:57,918 - __main__ - INFO - Received email: mishakovaanastasiya@gmail.com from user_id: 310259261
2025-02-28 01:06:57,919 - aiogram.event - INFO - Update id=619472487 is handled. Duration 108 ms by bot id=7690334241
2025-02-28 01:06:59,790 - __main__ - INFO - Selected month: 2025-02 for user_id: 310259261
2025-02-28 01:06:59,790 - aiogram.event - INFO - Update id=619472488 is handled. Duration 358 ms by bot id=7690334241
2025-02-28 01:07:02,977 - aiogram.event - INFO - Update id=619472489 is handled. Duration 375 ms by bot id=7690334241
2025-02-28 01:07:04,321 - __main__ - INFO - Selected month: 2025-03 for user_id: 310259261
2025-02-28 01:07:04,322 - aiogram.event - INFO - Update id=619472490 is handled. Duration 780 ms by bot id=7690334241
2025-02-28 01:07:05,597 - __main__ - INFO - Selected date: 2025-03-04 for user_id: 310259261
2025-02-28 01:07:05,598 - aiogram.event - INFO - Update id=619472491 is handled. Duration 219 ms by bot id=7690334241
2025-02-28 01:07:07,027 - __main__ - INFO - Selected time: 12:00 for user_id: 310259261
2025-02-28 01:07:07,028 - aiogram.event - INFO - Update id=619472492 is handled. Duration 312 ms by bot id=7690334241
2025-02-28 01:07:08,486 - __main__ - INFO - Added booking for Verify on 2025-03-04 at 12:00
2025-02-28 01:07:08,527 - __main__ - ERROR - Error sending email: [Errno 11001] getaddrinfo failed
Traceback (most recent call last):
  File "d:\Stucom\python_basico\python_basico\Chat_bot\bot.py", line 402, in send_email
    server = smtplib.SMTP(SMTP_SERVER, SMTP_PORT)
             ^^^^^^^^^^^^^^^^^^^^^^^^^^^^^^^^^^^^
  File "C:\Users\Anastasiia\AppData\Local\Programs\Python\Python312\Lib\smtplib.py", line 255, in __init__
    (code, msg) = self.connect(host, port)
                  ^^^^^^^^^^^^^^^^^^^^^^^^
  File "C:\Users\Anastasiia\AppData\Local\Programs\Python\Python312\Lib\smtplib.py", line 341, in connect
    self.sock = self._get_socket(host, port, self.timeout)
                ^^^^^^^^^^^^^^^^^^^^^^^^^^^^^^^^^^^^^^^^^^
  File "C:\Users\Anastasiia\AppData\Local\Programs\Python\Python312\Lib\smtplib.py", line 312, in _get_socket
    return socket.create_connection((host, port), timeout,
           ^^^^^^^^^^^^^^^^^^^^^^^^^^^^^^^^^^^^^^^^^^^^^^^
  File "C:\Users\Anastasiia\AppData\Local\Programs\Python\Python312\Lib\socket.py", line 828, in create_connection
    for res in getaddrinfo(host, port, 0, SOCK_STREAM):
               ^^^^^^^^^^^^^^^^^^^^^^^^^^^^^^^^^^^^^^^
  File "C:\Users\Anastasiia\AppData\Local\Programs\Python\Python312\Lib\socket.py", line 963, in getaddrinfo
    for res in _socket.getaddrinfo(host, port, family, type, proto, flags):
               ^^^^^^^^^^^^^^^^^^^^^^^^^^^^^^^^^^^^^^^^^^^^^^^^^^^^^^^^^^^
socket.gaierror: [Errno 11001] getaddrinfo failed
2025-02-28 01:07:09,045 - __main__ - INFO - Booking confirmed for user_id: 310259261
2025-02-28 01:07:09,046 - aiogram.event - INFO - Update id=619472493 is handled. Duration 577 ms by bot id=7690334241
2025-02-28 01:24:46,388 - aiogram.dispatcher - INFO - Polling stopped
2025-02-28 01:24:46,681 - aiogram.dispatcher - INFO - Polling stopped for bot @RomashkaBCNbot id=7690334241 - 'Salon Romashka'
2025-02-28 01:25:56,620 - asyncio - DEBUG - Using proactor: IocpProactor
2025-02-28 01:25:56,631 - __main__ - INFO - Database initialized
2025-02-28 01:25:56,631 - __main__ - INFO - Starting the bot...
2025-02-28 01:25:56,632 - aiogram.dispatcher - INFO - Start polling
2025-02-28 01:25:56,867 - aiogram.dispatcher - INFO - Run polling for bot @RomashkaBCNbot id=7690334241 - 'Salon Romashka'
2025-02-28 01:25:56,943 - __main__ - INFO - Received /start command from user_id: 310259261
2025-02-28 01:25:57,189 - __main__ - INFO - Successfully sent welcome message to user_id: 310259261
2025-02-28 01:25:57,201 - aiogram.event - INFO - Update id=619472494 is handled. Duration 264 ms by bot id=7690334241
2025-02-28 01:26:00,657 - __main__ - INFO - Asked for service from user_id: 310259261
2025-02-28 01:26:00,657 - aiogram.event - INFO - Update id=619472495 is handled. Duration 1172 ms by bot id=7690334241
2025-02-28 01:26:02,527 - aiogram.event - INFO - Update id=619472496 is handled. Duration 531 ms by bot id=7690334241
2025-02-28 01:26:05,458 - __main__ - INFO - Received name: Uhh from user_id: 310259261
2025-02-28 01:26:05,459 - aiogram.event - INFO - Update id=619472497 is handled. Duration 108 ms by bot id=7690334241
2025-02-28 01:26:06,839 - __main__ - INFO - Received phone: Hurry from user_id: 310259261
2025-02-28 01:26:06,840 - aiogram.event - INFO - Update id=619472498 is handled. Duration 109 ms by bot id=7690334241
2025-02-28 01:26:11,186 - __main__ - INFO - Received email: mishakovaanastasiya@gmail.com from user_id: 310259261
2025-02-28 01:26:11,187 - aiogram.event - INFO - Update id=619472499 is handled. Duration 110 ms by bot id=7690334241
2025-02-28 01:26:12,638 - __main__ - INFO - Selected month: 2025-03 for user_id: 310259261
2025-02-28 01:26:12,639 - aiogram.event - INFO - Update id=619472500 is handled. Duration 266 ms by bot id=7690334241
2025-02-28 01:26:13,846 - __main__ - INFO - Selected date: 2025-03-20 for user_id: 310259261
2025-02-28 01:26:13,847 - aiogram.event - INFO - Update id=619472501 is handled. Duration 187 ms by bot id=7690334241
2025-02-28 01:26:15,405 - __main__ - INFO - Selected time: 16:00 for user_id: 310259261
2025-02-28 01:26:15,406 - aiogram.event - INFO - Update id=619472502 is handled. Duration 140 ms by bot id=7690334241
2025-02-28 01:26:17,388 - __main__ - INFO - Added booking for Uhh on 2025-03-20 at 16:00
2025-02-28 01:26:17,543 - __main__ - ERROR - Error sending email: [Errno 11001] getaddrinfo failed
Traceback (most recent call last):
  File "d:\Stucom\python_basico\python_basico\Chat_bot\bot.py", line 402, in send_email
    server = smtplib.SMTP(SMTP_SERVER, SMTP_PORT)
             ^^^^^^^^^^^^^^^^^^^^^^^^^^^^^^^^^^^^
  File "C:\Users\Anastasiia\AppData\Local\Programs\Python\Python312\Lib\smtplib.py", line 255, in __init__
    (code, msg) = self.connect(host, port)
                  ^^^^^^^^^^^^^^^^^^^^^^^^
  File "C:\Users\Anastasiia\AppData\Local\Programs\Python\Python312\Lib\smtplib.py", line 341, in connect
    self.sock = self._get_socket(host, port, self.timeout)
                ^^^^^^^^^^^^^^^^^^^^^^^^^^^^^^^^^^^^^^^^^^
  File "C:\Users\Anastasiia\AppData\Local\Programs\Python\Python312\Lib\smtplib.py", line 312, in _get_socket
    return socket.create_connection((host, port), timeout,
           ^^^^^^^^^^^^^^^^^^^^^^^^^^^^^^^^^^^^^^^^^^^^^^^
  File "C:\Users\Anastasiia\AppData\Local\Programs\Python\Python312\Lib\socket.py", line 828, in create_connection
    for res in getaddrinfo(host, port, 0, SOCK_STREAM):
               ^^^^^^^^^^^^^^^^^^^^^^^^^^^^^^^^^^^^^^^
  File "C:\Users\Anastasiia\AppData\Local\Programs\Python\Python312\Lib\socket.py", line 963, in getaddrinfo
    for res in _socket.getaddrinfo(host, port, family, type, proto, flags):
               ^^^^^^^^^^^^^^^^^^^^^^^^^^^^^^^^^^^^^^^^^^^^^^^^^^^^^^^^^^^
socket.gaierror: [Errno 11001] getaddrinfo failed
2025-02-28 01:26:17,779 - __main__ - INFO - Booking confirmed for user_id: 310259261
2025-02-28 01:26:17,780 - aiogram.event - INFO - Update id=619472503 is handled. Duration 406 ms by bot id=7690334241
2025-02-28 01:31:28,690 - aiogram.dispatcher - INFO - Polling stopped
2025-02-28 01:31:28,953 - aiogram.dispatcher - INFO - Polling stopped for bot @RomashkaBCNbot id=7690334241 - 'Salon Romashka'
2025-02-28 02:03:51,386 - asyncio - DEBUG - Using proactor: IocpProactor
2025-02-28 02:03:51,398 - __main__ - INFO - Database initialized
2025-02-28 02:03:51,398 - __main__ - INFO - Starting the bot...
2025-02-28 02:03:51,399 - aiogram.dispatcher - INFO - Start polling
2025-02-28 02:03:51,729 - aiogram.dispatcher - INFO - Run polling for bot @RomashkaBCNbot id=7690334241 - 'Salon Romashka'
2025-02-28 02:04:06,581 - __main__ - INFO - Received /start command from user_id: 310259261
2025-02-28 02:04:06,927 - __main__ - INFO - Successfully sent welcome message to user_id: 310259261
2025-02-28 02:04:06,940 - aiogram.event - INFO - Update id=619472504 is handled. Duration 360 ms by bot id=7690334241
2025-02-28 02:04:09,131 - __main__ - INFO - Asked for service from user_id: 310259261
2025-02-28 02:04:09,131 - aiogram.event - INFO - Update id=619472505 is handled. Duration 265 ms by bot id=7690334241
2025-02-28 02:04:10,549 - __main__ - INFO - Selected service: Покраска волос for user_id: 310259261
2025-02-28 02:04:10,550 - aiogram.event - INFO - Update id=619472506 is handled. Duration 172 ms by bot id=7690334241
2025-02-28 02:04:11,427 - __main__ - INFO - Selected sub-option: До 30 см for user_id: 310259261
2025-02-28 02:04:11,427 - aiogram.event - INFO - Update id=619472507 is handled. Duration 202 ms by bot id=7690334241
2025-02-28 02:04:14,808 - __main__ - INFO - Received name: Trust from user_id: 310259261
2025-02-28 02:04:14,809 - aiogram.event - INFO - Update id=619472508 is handled. Duration 94 ms by bot id=7690334241
2025-02-28 02:04:16,640 - __main__ - INFO - Received phone: Furry from user_id: 310259261
2025-02-28 02:04:16,642 - aiogram.event - INFO - Update id=619472509 is handled. Duration 125 ms by bot id=7690334241
2025-02-28 02:04:20,391 - __main__ - INFO - Received email: mishakovaanastasiya@gmail.com from user_id: 310259261
2025-02-28 02:04:20,392 - aiogram.event - INFO - Update id=619472510 is handled. Duration 109 ms by bot id=7690334241
2025-02-28 02:04:22,288 - __main__ - INFO - Selected month: 2025-04 for user_id: 310259261
2025-02-28 02:04:22,288 - aiogram.event - INFO - Update id=619472511 is handled. Duration 203 ms by bot id=7690334241
2025-02-28 02:04:24,047 - __main__ - INFO - Selected date: 2025-04-03 for user_id: 310259261
2025-02-28 02:04:24,047 - aiogram.event - INFO - Update id=619472512 is handled. Duration 233 ms by bot id=7690334241
2025-02-28 02:04:25,914 - __main__ - INFO - Selected time: 08:00 for user_id: 310259261
2025-02-28 02:04:25,915 - aiogram.event - INFO - Update id=619472513 is handled. Duration 280 ms by bot id=7690334241
2025-02-28 02:04:27,269 - __main__ - INFO - Added booking for Trust on 2025-04-03 at 08:00
2025-02-28 02:04:27,322 - __main__ - ERROR - Error sending email: [Errno 11001] getaddrinfo failed
Traceback (most recent call last):
  File "d:\Stucom\python_basico\python_basico\Chat_bot\bot.py", line 402, in send_email
    server = smtplib.SMTP(SMTP_SERVER, SMTP_PORT)
             ^^^^^^^^^^^^^^^^^^^^^^^^^^^^^^^^^^^^
  File "C:\Users\Anastasiia\AppData\Local\Programs\Python\Python312\Lib\smtplib.py", line 255, in __init__
    (code, msg) = self.connect(host, port)
                  ^^^^^^^^^^^^^^^^^^^^^^^^
  File "C:\Users\Anastasiia\AppData\Local\Programs\Python\Python312\Lib\smtplib.py", line 341, in connect
    self.sock = self._get_socket(host, port, self.timeout)
                ^^^^^^^^^^^^^^^^^^^^^^^^^^^^^^^^^^^^^^^^^^
  File "C:\Users\Anastasiia\AppData\Local\Programs\Python\Python312\Lib\smtplib.py", line 312, in _get_socket
    return socket.create_connection((host, port), timeout,
           ^^^^^^^^^^^^^^^^^^^^^^^^^^^^^^^^^^^^^^^^^^^^^^^
  File "C:\Users\Anastasiia\AppData\Local\Programs\Python\Python312\Lib\socket.py", line 828, in create_connection
    for res in getaddrinfo(host, port, 0, SOCK_STREAM):
               ^^^^^^^^^^^^^^^^^^^^^^^^^^^^^^^^^^^^^^^
  File "C:\Users\Anastasiia\AppData\Local\Programs\Python\Python312\Lib\socket.py", line 963, in getaddrinfo
    for res in _socket.getaddrinfo(host, port, family, type, proto, flags):
               ^^^^^^^^^^^^^^^^^^^^^^^^^^^^^^^^^^^^^^^^^^^^^^^^^^^^^^^^^^^
socket.gaierror: [Errno 11001] getaddrinfo failed
2025-02-28 02:04:27,633 - __main__ - INFO - Booking confirmed for user_id: 310259261
2025-02-28 02:04:27,634 - aiogram.event - INFO - Update id=619472514 is handled. Duration 375 ms by bot id=7690334241
2025-02-28 02:08:35,826 - __main__ - INFO - Received /start command from user_id: 310259261
2025-02-28 02:08:35,919 - __main__ - INFO - Successfully sent welcome message to user_id: 310259261
2025-02-28 02:08:35,920 - aiogram.event - INFO - Update id=619472515 is handled. Duration 108 ms by bot id=7690334241
2025-02-28 02:08:37,680 - __main__ - INFO - Asked for service from user_id: 310259261
2025-02-28 02:08:37,680 - aiogram.event - INFO - Update id=619472516 is handled. Duration 125 ms by bot id=7690334241
2025-02-28 02:08:39,147 - aiogram.event - INFO - Update id=619472517 is handled. Duration 327 ms by bot id=7690334241
2025-02-28 02:08:41,953 - __main__ - INFO - Received name: Trust from user_id: 310259261
2025-02-28 02:08:41,954 - aiogram.event - INFO - Update id=619472518 is handled. Duration 139 ms by bot id=7690334241
2025-02-28 02:08:44,051 - __main__ - INFO - Received phone: Furry from user_id: 310259261
2025-02-28 02:08:44,052 - aiogram.event - INFO - Update id=619472519 is handled. Duration 140 ms by bot id=7690334241
2025-02-28 02:08:48,418 - __main__ - INFO - Received email: mishakovaanastasiya@gmail.com from user_id: 310259261
2025-02-28 02:08:48,418 - aiogram.event - INFO - Update id=619472520 is handled. Duration 94 ms by bot id=7690334241
2025-02-28 02:08:50,047 - __main__ - INFO - Selected month: 2025-02 for user_id: 310259261
2025-02-28 02:08:50,048 - aiogram.event - INFO - Update id=619472521 is handled. Duration 265 ms by bot id=7690334241
2025-02-28 02:08:51,604 - __main__ - INFO - Selected month: 2025-03 for user_id: 310259261
2025-02-28 02:08:51,604 - aiogram.event - INFO - Update id=619472522 is handled. Duration 218 ms by bot id=7690334241
2025-02-28 02:08:53,034 - __main__ - INFO - Selected date: 2025-03-01 for user_id: 310259261
2025-02-28 02:08:53,035 - aiogram.event - INFO - Update id=619472523 is handled. Duration 203 ms by bot id=7690334241
2025-02-28 02:08:54,258 - __main__ - INFO - Selected time: 08:00 for user_id: 310259261
2025-02-28 02:08:54,258 - aiogram.event - INFO - Update id=619472524 is handled. Duration 265 ms by bot id=7690334241
2025-02-28 02:08:55,368 - __main__ - INFO - Added booking for Trust on 2025-03-01 at 08:00
2025-02-28 02:08:55,388 - __main__ - ERROR - Error sending email: [Errno 11001] getaddrinfo failed
Traceback (most recent call last):
  File "d:\Stucom\python_basico\python_basico\Chat_bot\bot.py", line 402, in send_email
    server = smtplib.SMTP(SMTP_SERVER, SMTP_PORT)
             ^^^^^^^^^^^^^^^^^^^^^^^^^^^^^^^^^^^^
  File "C:\Users\Anastasiia\AppData\Local\Programs\Python\Python312\Lib\smtplib.py", line 255, in __init__
    (code, msg) = self.connect(host, port)
                  ^^^^^^^^^^^^^^^^^^^^^^^^
  File "C:\Users\Anastasiia\AppData\Local\Programs\Python\Python312\Lib\smtplib.py", line 341, in connect
    self.sock = self._get_socket(host, port, self.timeout)
                ^^^^^^^^^^^^^^^^^^^^^^^^^^^^^^^^^^^^^^^^^^
  File "C:\Users\Anastasiia\AppData\Local\Programs\Python\Python312\Lib\smtplib.py", line 312, in _get_socket
    return socket.create_connection((host, port), timeout,
           ^^^^^^^^^^^^^^^^^^^^^^^^^^^^^^^^^^^^^^^^^^^^^^^
  File "C:\Users\Anastasiia\AppData\Local\Programs\Python\Python312\Lib\socket.py", line 828, in create_connection
    for res in getaddrinfo(host, port, 0, SOCK_STREAM):
               ^^^^^^^^^^^^^^^^^^^^^^^^^^^^^^^^^^^^^^^
  File "C:\Users\Anastasiia\AppData\Local\Programs\Python\Python312\Lib\socket.py", line 963, in getaddrinfo
    for res in _socket.getaddrinfo(host, port, family, type, proto, flags):
               ^^^^^^^^^^^^^^^^^^^^^^^^^^^^^^^^^^^^^^^^^^^^^^^^^^^^^^^^^^^
socket.gaierror: [Errno 11001] getaddrinfo failed
2025-02-28 02:08:55,716 - __main__ - INFO - Booking confirmed for user_id: 310259261
2025-02-28 02:08:55,716 - aiogram.event - INFO - Update id=619472525 is handled. Duration 375 ms by bot id=7690334241
2025-02-28 02:09:23,543 - aiogram.dispatcher - INFO - Polling stopped
2025-02-28 02:09:23,806 - aiogram.dispatcher - INFO - Polling stopped for bot @RomashkaBCNbot id=7690334241 - 'Salon Romashka'
2025-02-28 02:13:17,607 - asyncio - DEBUG - Using proactor: IocpProactor
2025-02-28 02:13:17,622 - __main__ - INFO - Database initialized
2025-02-28 02:13:17,622 - __main__ - INFO - Starting the bot...
2025-02-28 02:13:17,623 - aiogram.dispatcher - INFO - Start polling
2025-02-28 02:13:17,901 - aiogram.dispatcher - INFO - Run polling for bot @RomashkaBCNbot id=7690334241 - 'Salon Romashka'
2025-02-28 02:13:20,169 - __main__ - INFO - Received /start command from user_id: 310259261
2025-02-28 02:13:20,435 - __main__ - INFO - Successfully sent welcome message to user_id: 310259261
2025-02-28 02:13:20,436 - aiogram.event - INFO - Update id=619472526 is handled. Duration 266 ms by bot id=7690334241
2025-02-28 02:13:21,825 - __main__ - INFO - Asked for service from user_id: 310259261
2025-02-28 02:13:21,825 - aiogram.event - INFO - Update id=619472527 is handled. Duration 77 ms by bot id=7690334241
2025-02-28 02:13:23,205 - aiogram.event - INFO - Update id=619472528 is handled. Duration 155 ms by bot id=7690334241
2025-02-28 02:13:25,708 - __main__ - INFO - Received name: Fruity from user_id: 310259261
2025-02-28 02:13:25,709 - aiogram.event - INFO - Update id=619472529 is handled. Duration 61 ms by bot id=7690334241
2025-02-28 02:13:27,122 - __main__ - INFO - Received phone: Furry from user_id: 310259261
2025-02-28 02:13:27,122 - aiogram.event - INFO - Update id=619472530 is handled. Duration 155 ms by bot id=7690334241
2025-02-28 02:13:31,006 - __main__ - INFO - Received email: mishakovaanastasiya@gmail.com from user_id: 310259261
2025-02-28 02:13:31,007 - aiogram.event - INFO - Update id=619472531 is handled. Duration 61 ms by bot id=7690334241
2025-02-28 02:13:32,878 - __main__ - INFO - Selected month: 2025-03 for user_id: 310259261
2025-02-28 02:13:32,878 - aiogram.event - INFO - Update id=619472532 is handled. Duration 202 ms by bot id=7690334241
2025-02-28 02:13:33,956 - __main__ - INFO - Selected date: 2025-03-01 for user_id: 310259261
2025-02-28 02:13:33,956 - aiogram.event - INFO - Update id=619472533 is handled. Duration 139 ms by bot id=7690334241
2025-02-28 02:13:35,023 - __main__ - INFO - Selected time: 10:00 for user_id: 310259261
2025-02-28 02:13:35,023 - aiogram.event - INFO - Update id=619472534 is handled. Duration 234 ms by bot id=7690334241
2025-02-28 02:13:35,856 - __main__ - INFO - Added booking for Fruity on 2025-03-01 at 10:00
2025-02-28 02:13:38,854 - __main__ - INFO - Confirmation email sent to mishakovaanastasiya@gmail.com
2025-02-28 02:13:39,104 - __main__ - INFO - Booking confirmed for user_id: 310259261
2025-02-28 02:13:39,105 - aiogram.event - INFO - Update id=619472535 is handled. Duration 3265 ms by bot id=7690334241
2025-02-28 02:24:07,907 - aiogram.dispatcher - INFO - Polling stopped
2025-02-28 02:24:08,199 - aiogram.dispatcher - INFO - Polling stopped for bot @RomashkaBCNbot id=7690334241 - 'Salon Romashka'
